# timestamp | duration | file | instruction | dir | modtime | etag | size | fileId | status | errorString | http result code | other size | other modtime | other etag | other fileId | other instruction
#=#=#=# Syncrun started 2018-11-26T01:05:56
#=#=#=#=# Propagation starts 2018-11-26T01:05:56 (last step: 58 msec, total: 58 msec)
03:05:56||build|INST_NEW|Up|1542678076||4096|00001892ocjf4tl7ru1f|4||201|0|0|||INST_NONE|
03:05:56||connections.spec|INST_NEW|Up|1542556422|0fb4833674f2eb255c8be9b9420f60d0|850|00001896ocjf4tl7ru1f|4||201|0|0|||INST_NONE|
03:05:56||connections.py|INST_NEW|Up|1543200097|096e5569f34aad3db080337246107f50|7756|00001895ocjf4tl7ru1f|4||201|0|0|||INST_NONE|
03:05:56||connections.pyc|INST_NEW|Up|1543201191|21b194f61b4a2243240c609484cac200|11384|00001894ocjf4tl7ru1f|4||201|0|0|||INST_NONE|
03:05:56||bsc.spec|INST_NEW|Up|1542628907|7252df40f3119862976e7963eabcd5b2|834|00001893ocjf4tl7ru1f|4||201|0|0|||INST_NONE|
03:05:56||bsc.py|INST_NEW|Up|1542754338|c872e0c3d55b372bcfa9a55986912c2e|276|00001897ocjf4tl7ru1f|4||201|0|0|||INST_NONE|
03:05:58||build/bsc|INST_NEW|Up|1542628926||4096|00001898ocjf4tl7ru1f|4||201|0|0|||INST_NONE|
03:05:58||dist|INST_NEW|Up|1542678150||4096|00001899ocjf4tl7ru1f|4||201|0|0|||INST_NONE|
03:05:58||build/connections|INST_NEW|Up|1542556439||4096|00001900ocjf4tl7ru1f|4||201|0|0|||INST_NONE|
03:05:58||build/nelogcol|INST_NEW|Up|1542678151||4096|00001903ocjf4tl7ru1f|4||201|0|0|||INST_NONE|
03:05:58||dxipa.py|INST_NEW|Up|1543186567|266dab290425f9df3f4cc852450c2ac4|12293|00001902ocjf4tl7ru1f|4||201|0|0|||INST_NONE|
03:05:58||decode.py|INST_NEW|Up|1543191344|4d1b21751842215dba775297c9289fd3|282|00001901ocjf4tl7ru1f|4||201|0|0|||INST_NONE|
03:05:59||build/bsc/Analysis-00.toc|INST_NEW|Up|1542628919|a22db75ec6d591fd31e00108d6f4f22a|70779|00001905ocjf4tl7ru1f|4||201|0|0|||INST_NONE|
03:06:00||build/bsc/PKG-00.toc|INST_NEW|Up|1542628924|3ba1cc93e7d0c1679fa7dc1461d89462|30943|00001906ocjf4tl7ru1f|4||201|0|0|||INST_NONE|
03:06:00||build/bsc/EXE-00.toc|INST_NEW|Up|1542628926|e71bddb000fa21bedd51892210c244e1|31021|00001907ocjf4tl7ru1f|4||201|0|0|||INST_NONE|
03:06:00||build/bsc/PYZ-00.toc|INST_NEW|Up|1542628920|0db095822bf2e65840c0cb291e5c1b03|40499|00001908ocjf4tl7ru1f|4||201|0|0|||INST_NONE|
03:06:00||build/bsc/PYZ-00.pyz|INST_NEW|Up|1542628920|a92ab7633a9fee88ac5689470f1ba904|1800879|00001909ocjf4tl7ru1f|4||201|0|0|||INST_NONE|
03:06:03||build/bsc/Tree-00.toc|INST_NEW|Up|1542628918|e5f7ba52ba237ba47f838903a73074e8|18315|00001912ocjf4tl7ru1f|4||201|0|0|||INST_NONE|
03:06:03||build/bsc/Tree-01.toc|INST_NEW|Up|1542628918|04a2a8f122d20d68221380fab9a743a8|6604|00001913ocjf4tl7ru1f|4||201|0|0|||INST_NONE|
03:06:03||build/bsc/warn-bsc.txt|INST_NEW|Up|1542628919|c4a935d95b0f3631d44c00db0cb21b3a|4563|00001914ocjf4tl7ru1f|4||201|0|0|||INST_NONE|
03:06:03||build/bsc/xref-bsc.html|INST_NEW|Up|1542628919|26c211b816b1db5c2c79d4348e582f61|451787|00001915ocjf4tl7ru1f|4||201|0|0|||INST_NONE|
03:06:08||build/connections/EXE-00.toc|INST_NEW|Up|1542556439|9cd5fe908ee409a22aa0cfc52ceca320|31061|00001918ocjf4tl7ru1f|4||201|0|0|||INST_NONE|
03:06:08||build/connections/PKG-00.toc|INST_NEW|Up|1542556439|f967df17bc51c4b391e47454da3cf127|30975|00001919ocjf4tl7ru1f|4||201|0|0|||INST_NONE|
03:06:07||build/connections/Analysis-00.toc|INST_NEW|Up|1542556434|bd472bf952e371835f3d3eb9b5336774|70593|00001917ocjf4tl7ru1f|4||201|0|0|||INST_NONE|
03:06:03||build/bsc/PKG-00.pkg|INST_NEW|Up|1542628924|ac1fb5b74e63dc436694e67d5edb466a|10732660|00001920ocjf4tl7ru1f|4||201|0|0|||INST_NONE|
03:06:21||build/connections/PYZ-00.pyz|INST_NEW|Up|1542556434|d5eafdd1ddc356026a43eabff39737ed|1795160|00001923ocjf4tl7ru1f|4||201|0|0|||INST_NONE|
03:06:24||build/connections/PYZ-00.toc|INST_NEW|Up|1542556434|cb16709c47007a6faedfd9b534a45d45|40297|00001925ocjf4tl7ru1f|4||201|0|0|||INST_NONE|
03:06:24||build/connections/Tree-00.toc|INST_NEW|Up|1542556433|246a526e525b34d4bd572ac5880edc06|18315|00001926ocjf4tl7ru1f|4||201|0|0|||INST_NONE|
03:06:23||build/connections/PKG-00.pkg|INST_NEW|Up|1542556439|b515884c921af02ba02c5b28d3c76fc6|10729219|00001924ocjf4tl7ru1f|4||201|0|0|||INST_NONE|
03:06:25||build/connections/Tree-01.toc|INST_NEW|Up|1542556433|8565f59820c84acf370f0e7f2ed9ed7b|6604|00001928ocjf4tl7ru1f|4||201|0|0|||INST_NONE|
03:06:25||build/connections/warn-connections.txt|INST_NEW|Up|1542556434|bd9a5f5bad8d5129306c5fe987c747d9|4563|00001927ocjf4tl7ru1f|4||201|0|0|||INST_NONE|
03:06:29||build/connections/xref-connections.html|INST_NEW|Up|1542556434|01a5e4f6bb8a0fee595ea1d26733a0a0|450749|00001929ocjf4tl7ru1f|4||201|0|0|||INST_NONE|
03:06:29||build/nelogcol/out00-Analysis.toc|INST_NEW|Up|1542678142|2c1ef10c4116ae09ca28f1d4df865aaf|140801|00001931ocjf4tl7ru1f|4||201|0|0|||INST_NONE|
03:06:29||build/nelogcol/nelogcol.exe.manifest|INST_NEW|Up|1542678109|6453a4bba7b777c9d5810b89f2a5e24e|1013|00001930ocjf4tl7ru1f|4||201|0|0|||INST_NONE|
03:06:30||build/nelogcol/out00-EXE.toc|INST_NEW|Up|1542678151|ab691244478af4d59894217a6dfb8b3f|93488|00001932ocjf4tl7ru1f|4||201|0|0|||INST_NONE|
03:06:33||build/nelogcol/out00-PKG.toc|INST_NEW|Up|1542678150|4f5df11db8aec8a81b802bb1999fab9c|92488|00001934ocjf4tl7ru1f|4||201|0|0|||INST_NONE|
03:06:33||build/nelogcol/out00-PYZ.toc|INST_NEW|Up|1542678143|fc05d3a998ec11189c74af42feaf6d8f|48999|00001935ocjf4tl7ru1f|4||201|0|0|||INST_NONE|
03:06:34||build/nelogcol/out00-PYZ.pyz|INST_NEW|Up|1542678143|fd6d460082f14d891b805186c2b2b9ae|2111484|00001936ocjf4tl7ru1f|4||201|0|0|||INST_NONE|
03:06:34||build/nelogcol/out00-Tree.toc|INST_NEW|Up|1542678135|1c0e76c9e3cad0c49d8678f264597f74|80981|00001938ocjf4tl7ru1f|4||201|0|0|||INST_NONE|
03:06:37||build/nelogcol/out01-Tree.toc|INST_NEW|Up|1542678135|823802dc26f8d14a7fa0f28bb5b8330f|6778|00001941ocjf4tl7ru1f|4||201|0|0|||INST_NONE|
03:06:38||build/nelogcol/warnnelogcol.txt|INST_NEW|Up|1542678141|3a7cc94cce639fcd7ebfb550b914e368|3172|00001943ocjf4tl7ru1f|4||201|0|0|||INST_NONE|
03:06:38||build/nelogcol/xref-nelogcol.html|INST_NEW|Up|1542678141|a0d359ca9b52d4dffd3fd4a801cc307f|572455|00001942ocjf4tl7ru1f|4||201|0|0|||INST_NONE|
03:06:38||build/nelogcol/out00-PKG.pkg|INST_NEW|Up|1542678150|d065aa647aa66a1fc542cdfecf4208d9|10649417|00001944ocjf4tl7ru1f|4||201|0|0|||INST_NONE|
03:06:45||dist/ne.csv|INST_NEW|Up|1542556460|29ac0d6654fe0aaf9de5657aaa16fd0b|98|00001951ocjf4tl7ru1f|4||201|0|0|||INST_NONE|
03:06:44||dist/bsc|INST_NEW|Up|1542628924|fdd5b16eed4843698f0d8de281cfba33|10766080|00001948ocjf4tl7ru1f|4||201|0|0|||INST_NONE|
03:06:50||encrypt_password.py|INST_NEW|Up|1543197691|92a38c2002233858927c2a9f6e2b3f5f|2348|00001957ocjf4tl7ru1f|4||201|0|0|||INST_NONE|
03:06:50||dxipa.pyc|INST_NEW|Up|1543186844|d0214086a0081cafb13a9a2a270715af|13556|00001956ocjf4tl7ru1f|4||201|0|0|||INST_NONE|
03:06:48||dist/connections|INST_NEW|Up|1542556439|fddefa68ee0446b5c49dce8e1e8174a9|10762640|00001955ocjf4tl7ru1f|4||201|0|0|||INST_NONE|
03:06:50||dist/nelogcol.exe|INST_NEW|Up|1542678151|73a0ebb405ef62ee2bed2aa36ca5a6e7|10922313|00001958ocjf4tl7ru1f|4||201|0|0|||INST_NONE|
03:06:53||logs|INST_NEW|Up|1543193399||4096|00001960ocjf4tl7ru1f|4||201|0|0|||INST_NONE|
||logs/NELogs_20181125.zip|INST_NEW|Up|10800||587261||3|File Removed|0|0|0|||INST_NONE|
03:06:53||encrypted.txt|INST_NEW|Up|1543200562|0c0116645b9098ef4fdbce22d9cfaa7e|496|00001959ocjf4tl7ru1f|4||201|0|0|||INST_NONE|
03:06:53||ne.csv|INST_NEW|Up|1543165503|e61ae48848008ed7abcc7c37c36ef79d|1655|00001962ocjf4tl7ru1f|4||201|0|0|||INST_NONE|
03:06:53||ne - Copy.csv|INST_NEW|Up|1542729524|5916225a6d0569e1f4383f406875cb56|38|00001961ocjf4tl7ru1f|4||201|0|0|||INST_NONE|
03:06:55||ne.csv_dx|INST_NEW|Up|1480183866|c6cf4a423934aefee288720733440274|129|00001964ocjf4tl7ru1f|4||201|0|0|||INST_NONE|
03:06:55||ne.csv_bak|INST_NEW|Up|1543077602|194ddec03a0be5071682b744086e9af8|373|00001963ocjf4tl7ru1f|4||201|0|0|||INST_NONE|
03:06:55||ne_oi|INST_NEW|Up|1543083345|f4acb955a880be87e91c84d48e4087d6|1655|00001965ocjf4tl7ru1f|4||201|0|0|||INST_NONE|
03:06:55||nelogcol.py|INST_NEW|Up|1543196566|9a7d5ef27437248bccf8ec8b37ba940c|4662|00001967ocjf4tl7ru1f|4||201|0|0|||INST_NONE|
03:06:55||nelogcol.spec|INST_NEW|Up|1542678076|b486de88982a5e70b1fd2f4a2175df57|772|00001966ocjf4tl7ru1f|4||201|0|0|||INST_NONE|
03:06:55||nelogcol_bkp.py|INST_NEW|Up|1543191415|3c27b288520655033154bf9cc7d46a73|4371|00001968ocjf4tl7ru1f|4||201|0|0|||INST_NONE|
03:06:58||onends_install_check.py|INST_NEW|Up|1486919307|8886f1e4090b6c5982768ccddbf692f7|6377|00001969ocjf4tl7ru1f|4||201|0|0|||INST_NONE|
03:06:58||paramiko|INST_NEW|Up|1543183586|74b9a044bbfcd2b1257f24547a285419|64896|00001970ocjf4tl7ru1f|4||201|0|0|||INST_NONE|
03:06:59||sftp.py|INST_NEW|Up|1543183954|32043890078bae398acc94b4cc29a143|242|00001972ocjf4tl7ru1f|4||201|0|0|||INST_NONE|
03:06:59||test.py|INST_NEW|Up|1543163796|3eabcf8602e2e7160e362575c71740d2|680|00001971ocjf4tl7ru1f|4||201|0|0|||INST_NONE|
03:06:59||pysftp|INST_NEW|Up|1543183927|ffaac602559a2ceaa92060ec9f80ba29|8059978|00001973ocjf4tl7ru1f|4||201|0|0|||INST_NONE|
03:07:02||tim|INST_NEW|Up|1543200765||4096|00001975ocjf4tl7ru1f|4||201|0|0|||INST_NONE|
03:07:01||teste.py|INST_NEW|Up|1542733941|ff98503401b1a84cc673f6f9fa69bae0|362|00001974ocjf4tl7ru1f|4||201|0|0|||INST_NONE|
03:07:02||tmp|INST_NEW|Up|1543193195||4096|00001976ocjf4tl7ru1f|4||201|0|0|||INST_NONE|
03:07:02||usrpw.py|INST_NEW|Up|1480183866|bba2d4af8c5ab2d20eb4088574f7fb07|114|00001977ocjf4tl7ru1f|4||201|0|0|||INST_NONE|
03:07:04||tim/_nokadmin.txt|INST_NEW|Up|1543200575|00311ccf36d5a1d8a74b63006d439810|496|00001980ocjf4tl7ru1f|4||201|0|0|||INST_NONE|
03:07:04||tim/ne.csv|INST_NEW|Up|1543200765|8a31db31e8fd96a4c72e34677236191a|3782|00001978ocjf4tl7ru1f|4||201|0|0|||INST_NONE|
03:07:04||tim/sysop1.txt|INST_NEW|Up|1543200522|3d832b7c216a9efdc3e368469e62a9a4|496|00001979ocjf4tl7ru1f|4||201|0|0|||INST_NONE|
03:07:04||tmp/247613c0-8053-44fb-a64b-a2a39d0cad13.log|INST_NEW|Up|1543193395|31e25e65e46c68419824e4c9babc3e7f|2930|00001981ocjf4tl7ru1f|4||201|0|0|||INST_NONE|
#=#=#=# Syncrun finished 2018-11-26T01:07:07 (last step: 71072 msec, total: 71130 msec)
#=#=#=# Syncrun started 2018-11-26T01:07:20
#=#=#=#=# Propagation starts 2018-11-26T01:07:21 (last step: 497 msec, total: 497 msec)
#=#=#=# Syncrun finished 2018-11-26T01:07:21 (last step: 202 msec, total: 700 msec)
#=#=#=# Syncrun started 2018-11-26T01:08:03
#=#=#=#=# Propagation starts 2018-11-26T01:08:03 (last step: 72 msec, total: 72 msec)
#=#=#=# Syncrun finished 2018-11-26T01:08:04 (last step: 179 msec, total: 251 msec)
#=#=#=# Syncrun started 2018-11-29T22:06:48
#=#=#=#=# Propagation starts 2018-11-29T22:06:48 (last step: 237 msec, total: 237 msec)
00:06:48||encrypted.txt|INST_SYNC|Up|1543237578|5fad2c0baa7cf5d1728a8cb7351c7b51|496|00001959ocjf4tl7ru1f|4||204|496|1543200562|0c0116645b9098ef4fdbce22d9cfaa7e|00001959ocjf4tl7ru1f|INST_NONE|
00:06:48||nelogcol.py|INST_SYNC|Up|1543493364|db358c13ba696a7e6df1978152b0b991|4685|00001967ocjf4tl7ru1f|4||204|4662|1543196566|9a7d5ef27437248bccf8ec8b37ba940c|00001967ocjf4tl7ru1f|INST_NONE|
#=#=#=# Syncrun finished 2018-11-29T22:06:53 (last step: 4883 msec, total: 5120 msec)
#=#=#=# Syncrun started 2018-11-29T22:07:31
#=#=#=#=# Propagation starts 2018-11-29T22:07:32 (last step: 252 msec, total: 252 msec)
#=#=#=# Syncrun finished 2018-11-29T22:07:32 (last step: 187 msec, total: 440 msec)
#=#=#=# Syncrun started 2018-11-30T00:07:36
#=#=#=#=# Propagation starts 2018-11-30T00:07:36 (last step: 311 msec, total: 311 msec)
#=#=#=# Syncrun finished 2018-11-30T00:07:36 (last step: 150 msec, total: 462 msec)
