0030-MON> ZOSD:30,226,4,0,*,30,11E,,,11,30,5991,,,XW117,XW0,XW8080,XW800,XW9C,XW372D,XW535F,XW101;

0030-OSC> ZOSD:30,226,4,0,*,30,11E,,,11,30,5991,,,XW117,XW0,XW8080,XW1F00,XW9C,XW392D,XW535F,XW1,XW5B5F,14,50,53,55,3A,34,36,37,38,36,36,41,20,20,20,20,20,1,1,FF,F
F

0030-OSC> ZOSD:30,226,4,0,*,30,11E,,,11,30,5991,,,XW117,XW0,XW8080,XW1F00,XW9C,XW392D,XW535F,XW1,XW5B5F,14,50,53,55,3A,34,36,37,38,36,36,41,20,20,20,20,20,2,1,FF,F
F

0030-OSC> 

0030-OSC> ZOEI

Buffer address: 24150000 size: 7FFFFF type: NO TURN
Monitoring points: RECEIVE SEND 
Buffer start: 7D Actual size: 7FFF82 Write point: B64
Message count: 13
Status: RUNNING
0030-MON> ZOES

Monitoring is stopped.
0030-MON> ZOEG

Monitoring conditions:
SR:NUM=5991,5992


MONITORING TIME: 2018-11-30    20:08:10.78
RECEIVED BY: 011E 0000 00
MONITORED MESSAGE: 0020 0030 0226 0004 00 11 0030 5991 0030
17 01 00 00 80 80 00 08 9C 00 2D 37 5F 53 01 01 

MONITORING TIME: 2018-11-30    20:08:10.80
RECEIVED BY: 011E 0000 00
MONITORED MESSAGE: 0037 0030 0226 0004 00 11 0030 5991 0030
17 01 00 00 80 80 00 1F 9C 00 2D 39 5F 53 01 00 5F 5B 14 50 53 55 3A 34 36
37 38 36 36 41 20 20 20 20 20 01 01 FF FF 

MONITORING TIME: 2018-11-30    20:08:10.81
RECEIVED BY: 011E 0000 00
MONITORED MESSAGE: 0037 0030 0226 0004 00 11 0030 5991 0030
17 01 00 00 80 80 00 1F 9C 00 2D 39 5F 53 01 00 5F 5B 14 50 53 55 3A 34 36
37 38 36 36 41 20 20 20 20 20 02 01 FF FF 

MONITORING TIME: 2018-11-30    20:08:10.82
SENT BY: 011D 0000 00
MONITORED MESSAGE: 0020 4D5A 0226 000C 00 01 0030 5992 0030
17 01 00 00 80 80 00 08 81 00 2D 37 5F 23 01 01 

MONITORING TIME: 2018-11-30    20:08:10.82
RECEIVED BY: 0226 000C 00
MONITORED MESSAGE: 0020 4D5A 011D 0000 00 01 0030 5992 0030
17 01 00 00 80 80 00 08 81 00 2D 37 5F 23 01 01 

MONITORING TIME: 2018-11-30    20:08:10.95
SENT BY: 011D 0000 00
MONITORED MESSAGE: 0118 4D5A 0226 000C 00 01 0030 5992 0030
17 01 00 00 80 40 00 00 9D 00 2D 37 5F 5B 14 50 53 55 3A 34 36 37 38 36 36
41 20 20 20 20 20 01 01 FF FF 5F 5B 14 50 53 55 3A 34 36 37 38 36 36 41 20
20 20 20 20 02 01 FF FF 5F 5B 14 52 58 46 3A 34 36 38 32 31 39 41 20 20 20
20 20 01 01 FF FF 5F 5B 14 52 58 46 3A 34 36 38 32 31 39 41 20 20 20 20 20
03 01 FF FF 5F 5B 14 52 58 46 3A 34 36 38 32 31 39 41 20 20 20 20 20 05 01
FF FF 5F 5B 14 54 53 58 3A 34 36 39 30 38 39 41 20 20 20 20 20 01 01 01 01
5F 5B 14 54 53 58 3A 34 36 39 30 38 39 41 20 20 20 20 20 02 01 01 02 5F 5B
14 54 53 58 3A 34 36 39 30 38 39 41 20 20 20 20 20 05 01 02 05 5F 5B 14 54
53 58 3A 34 36 39 30 38 39 41 20 20 20 20 20 06 01 02 06 5F 5B 14 54 53 58
3A 34 36 39 30 38 39 41 20 20 20 20 20 09 01 03 09 5F 5B 14 54 53 58 3A 34
36 39 30 38 39 41 20 20 20 20 20 0A 01 03 


MONITORING TIME: 2018-11-30    20:08:10.95
RECEIVED BY: 0226 000C 00
MONITORED MESSAGE: 0118 4D5A 011D 0000 00 01 0030 5992 0030
17 01 00 00 80 40 00 00 9D 00 2D 37 5F 5B 14 50 53 55 3A 34 36 37 38 36 36
41 20 20 20 20 20 01 01 FF FF 5F 5B 14 50 53 55 3A 34 36 37 38 36 36 41 20
20 20 20 20 02 01 FF FF 5F 5B 14 52 58 46 3A 34 36 38 32 31 39 41 20 20 20
20 20 01 01 FF FF 5F 5B 14 52 58 46 3A 34 36 38 32 31 39 41 20 20 20 20 20
03 01 FF FF 5F 5B 14 52 58 46 3A 34 36 38 32 31 39 41 20 20 20 20 20 05 01
FF FF 5F 5B 14 54 53 58 3A 34 36 39 30 38 39 41 20 20 20 20 20 01 01 01 01
5F 5B 14 54 53 58 3A 34 36 39 30 38 39 41 20 20 20 20 20 02 01 01 02 5F 5B
14 54 53 58 3A 34 36 39 30 38 39 41 20 20 20 20 20 05 01 02 05 5F 5B 14 54
53 58 3A 34 36 39 30 38 39 41 20 20 20 20 20 06 01 02 06 5F 5B 14 54 53 58
3A 34 36 39 30 38 39 41 20 20 20 20 20 09 01 03 09 5F 5B 14 54 53 58 3A 34
36 39 30 38 39 41 20 20 20 20 20 0A 01 03 

MONITORING TIME: 2018-11-30    20:08:11.10
SENT BY: 011D 0000 00
MONITORED MESSAGE: 0118 4D5A 0226 000C 00 01 0030 5992 0030
17 01 00 00 80 20 01 00 0A 5F 5B 14 42 42 42 3A 34 36 39 36 34 33 41 20 20
20 20 20 01 01 FF FF 5F 5B 14 42 42 42 3A 34 36 39 36 34 33 41 20 20 20 20
20 03 01 FF FF 5F 5B 14 42 42 42 3A 34 36 39 36 34 33 41 20 20 20 20 20 05
01 FF FF 5F 5B 14 42 4F 49 3A 34 36 37 38 36 38 41 20 20 20 20 20 01 01 FF
FF 5F 5B 14 49 46 42 3A 39 38 33 35 36 30 44 20 20 20 20 20 01 01 FF FF 5F
5B 14 54 52 45 3A 34 36 37 36 31 32 41 20 20 20 20 20 01 01 FF FF 5F 5B 14
50 41 53 3A 34 37 31 30 31 30 41 20 20 20 20 20 01 01 FF FF 5F 5B 14 50 41
53 3A 34 36 38 35 33 32 41 20 20 20 20 20 02 01 FF FF 5F 5B 14 50 41 53 3A
34 36 38 35 33 32 41 20 20 20 20 20 03 01 FF FF 5F 5B 14 50 41 53 3A 34 36
38 35 33 32 41 20 20 20 20 20 04 01 FF FF 5F 5B 14 50 41 53 3A 43 53 37 32
39 39 39 34 20 20 20 20 05 01 FF FF 5F 5B 

MONITORING TIME: 2018-11-30    20:08:11.10
RECEIVED BY: 0226 000C 00
MONITORED MESSAGE: 0118 4D5A 011D 0000 00 01 0030 5992 0030
17 01 00 00 80 20 01 00 0A 5F 5B 14 42 42 42 3A 34 36 39 36 34 33 41 20 20
20 20 20 01 01 FF FF 5F 5B 14 42 42 42 3A 34 36 39 36 34 33 41 20 20 20 20
20 03 01 FF FF 5F 5B 14 42 42 42 3A 34 36 39 36 34 33 41 20 20 20 20 20 05
01 FF FF 5F 5B 14 42 4F 49 3A 34 36 37 38 36 38 41 20 20 20 20 20 01 01 FF
FF 5F 5B 14 49 46 42 3A 39 38 33 35 36 30 44 20 20 20 20 20 01 01 FF FF 5F
5B 14 54 52 45 3A 34 36 37 36 31 32 41 20 20 20 20 20 01 01 FF FF 5F 5B 14
50 41 53 3A 34 37 31 30 31 30 41 20 20 20 20 20 01 01 FF FF 5F 5B 14 50 41
53 3A 34 36 38 35 33 32 41 20 20 20 20 20 02 01 FF FF 5F 5B 14 50 41 53 3A
34 36 38 35 33 32 41 20 20 20 20 20 03 01 FF FF 5F 5B 14 50 41 53 3A 34 36
38 35 33 32 41 20 20 20 20 20 04 01 FF FF 5F 5B 14 50 41 53 3A 43 53 37 32
39 39 39 34 20 20 20 20 05 01 FF FF 5F 5B 

MONITORING TIME: 2018-11-30    20:08:11.19
SENT BY: 011D 0000 00
MONITORED MESSAGE: 00C8 4D5A 0226 000C 00 01 0030 5992 0030
17 01 00 00 80 10 02 B0 14 50 41 53 3A 43 53 37 32 39 39 39 34 20 20 20 20
06 01 FF FF 5F 5B 14 50 41 53 3A 43 53 37 32 39 39 39 34 20 20 20 20 07 01
FF FF 5F 5B 14 50 41 53 3A 43 53 37 32 39 39 39 34 20 20 20 20 08 01 FF FF
5F 5B 14 50 41 53 3A 43 53 37 32 39 39 39 34 20 20 20 20 09 01 FF FF 5F 5B
14 50 41 53 3A 43 53 37 32 39 39 39 34 20 20 20 20 0A 01 FF FF 7F 81 01 3B
5F 81 15 02 03 01 5F 81 19 02 96 01 5F 81 19 02 97 0C 5F 81 19 02 98 0C 5F
81 19 02 9A 02 5F 81 19 02 9C 03 5F 81 19 02 99 06 5F 81 19 02 9B 06 5F 81
19 02 9D 04 5F 81 07 01 02 

MONITORING TIME: 2018-11-30    20:08:11.19
RECEIVED BY: 0226 000C 00
MONITORED MESSAGE: 00C8 4D5A 011D 0000 00 01 0030 5992 0030
17 01 00 00 80 10 02 B0 14 50 41 53 3A 43 53 37 32 39 39 39 34 20 20 20 20
06 01 FF FF 5F 5B 14 50 41 53 3A 43 53 37 32 39 39 39 34 20 20 20 20 07 01
FF FF 5F 5B 14 50 41 53 3A 43 53 37 32 39 39 39 34 20 20 20 20 08 01 FF FF
5F 5B 14 50 41 53 3A 43 53 37 32 39 39 39 34 20 20 20 20 09 01 FF FF 5F 5B
14 50 41 53 3A 43 53 37 32 39 39 39 34 20 20 20 20 0A 01 FF FF 7F 81 01 3B
5F 81 15 02 03 01 5F 81 19 02 96 01 5F 81 19 02 97 0C 5F 81 19 02 98 0C 5F
81 19 02 9A 02 5F 81 19 02 9C 03 5F 81 19 02 99 06 5F 81 19 02 9B 06 5F 81
19 02 9D 04 5F 81 07 01 02 

MONITORING TIME: 2018-11-30    20:08:11.21
SENT BY: 011D 0000 00
MONITORED MESSAGE: 0020 4D5A 0226 000C 00 01 0030 5992 0030
17 01 00 00 80 80 00 08 81 00 2D 39 5F 23 01 01 

MONITORING TIME: 2018-11-30    20:08:11.21
RECEIVED BY: 0226 000C 00
MONITORED MESSAGE: 0020 4D5A 011D 0000 00 01 0030 5992 0030
17 01 00 00 80 80 00 08 81 00 2D 39 5F 23 01 01 

MONITORING TIME: 2018-11-30    20:08:11.26
SENT BY: 011D 0000 00
MONITORED MESSAGE: 006A 4D5A 0226 000C 00 01 0030 5992 0030
17 01 00 00 80 80 00 52 9D 00 2D 39 5F 5B 14 50 53 55 3A 34 36 37 38 36 36
41 20 20 20 20 20 01 01 FF FF 5F 6B 07 30 30 30 30 30 30 30 5F 26 02 FF FF
5F 69 01 00 5F 64 07 30 30 30 30 32 31 32 5F 5A 03 FF FF FF 5F 63 0C 30 45
34 30 39 31 35 30 38 31 38 33 5F 52 02 FF FF 

MONITORING TIME: 2018-11-30    20:08:11.26
RECEIVED BY: 0226 000C 00
MONITORED MESSAGE: 006A 4D5A 011D 0000 00 01 0030 5992 0030
17 01 00 00 80 80 00 52 9D 00 2D 39 5F 5B 14 50 53 55 3A 34 36 37 38 36 36
41 20 20 20 20 20 01 01 FF FF 5F 6B 07 30 30 30 30 30 30 30 5F 26 02 FF FF
5F 69 01 00 5F 64 07 30 30 30 30 32 31 32 5F 5A 03 FF FF FF 5F 63 0C 30 45
34 30 39 31 35 30 38 31 38 33 5F 52 02 FF FF 

MONITORING TIME: 2018-11-30    20:08:11.27
SENT BY: 011D 0000 00
MONITORED MESSAGE: 0020 4D5A 0226 000C 00 01 0030 5992 0030
17 01 00 00 80 80 00 08 81 00 2D 39 5F 23 01 01 

MONITORING TIME: 2018-11-30    20:08:11.27
RECEIVED BY: 0226 000C 00
MONITORED MESSAGE: 0020 4D5A 011D 0000 00 01 0030 5992 0030
17 01 00 00 80 80 00 08 81 00 2D 39 5F 23 01 01 

MONITORING TIME: 2018-11-30    20:08:11.32
SENT BY: 011D 0000 00
MONITORED MESSAGE: 006A 4D5A 0226 000C 00 01 0030 5992 0030
17 01 00 00 80 80 00 52 9D 00 2D 39 5F 5B 14 50 53 55 3A 34 36 37 38 36 36
41 20 20 20 20 20 02 01 FF FF 5F 6B 07 30 30 30 30 30 30 30 5F 26 02 FF FF
5F 69 01 00 5F 64 07 30 30 30 30 32 31 32 5F 5A 03 FF FF FF 5F 63 0C 30 45
34 30 39 31 35 30 38 31 38 36 5F 52 02 FF FF 

MONITORING TIME: 2018-11-30    20:08:11.32
RECEIVED BY: 0226 000C 00
MONITORED MESSAGE: 006A 4D5A 011D 0000 00 01 0030 5992 0030
17 01 00 00 80 80 00 52 9D 00 2D 39 5F 5B 14 50 53 55 3A 34 36 37 38 36 36
41 20 20 20 20 20 02 01 FF FF 5F 6B 07 30 30 30 30 30 30 30 5F 26 02 FF FF
5F 69 01 00 5F 64 07 30 30 30 30 32 31 32 5F 5A 03 FF FF FF 5F 63 0C 30 45
34 30 39 31 35 30 38 31 38 36 5F 52 02 FF FF 

0030-MON> 


